===== EXECUTING CELL 5 =====
Python version: 3.12.3
PyTorch version: 2.11.0+cu128
PyTorch CUDA runtime: 12.8
Ultralytics version: 8.4.2
ONNX Runtime version: 1.24.4
PyTorch CUDA available: True
PyTorch GPU name: NVIDIA GeForce RTX 5070
Approximate VRAM: 11.94 GB
Available ONNX Runtime providers: ['AzureExecutionProvider', 'CPUExecutionProvider']
ULTRALYTICS_SKIP_REQUIREMENTS_CHECKS: (not set)
Selected device: cuda:0
Section 1 completed: the runtime environment was verified.
===== EXECUTING CELL 7 =====
ROOT: C:\Users\mepix\coding\detectx
SOURCE_DATASET_DIR: C:\Users\mepix\coding\detectx\raw_dataset_balanced_retrain_v2
FILTERED_DATASET_DIR: C:\Users\mepix\coding\detectx\raw_dataset_balanced_retrain_v2_two_class
STRUCTURED_DATASET_DIR: C:\Users\mepix\coding\detectx\structured_dataset_two_class_retrain_v2
RUNS_DIR: C:\Users\mepix\coding\detectx\runs
EXPORT_DIR: C:\Users\mepix\coding\detectx\exported_models\yolo26_onnx_end2end_two_class_retrain_v2
DATA_YAML_PATH: C:\Users\mepix\coding\detectx\structured_dataset_two_class_retrain_v2\data.yaml
DATASET_MANIFEST_PATH: C:\Users\mepix\coding\detectx\structured_dataset_two_class_retrain_v2\dataset_manifest.json
PREVIEW_PATH: C:\Users\mepix\coding\detectx\exported_models\yolo26_onnx_end2end_two_class_retrain_v2\preview.jpg
Active 2-class config:
{
  "source_dataset_dir": "C:\\Users\\mepix\\coding\\detectx\\raw_dataset_balanced_retrain_v2",
  "filtered_dataset_dir": "C:\\Users\\mepix\\coding\\detectx\\raw_dataset_balanced_retrain_v2_two_class",
  "structured_dataset_dir": "C:\\Users\\mepix\\coding\\detectx\\structured_dataset_two_class_retrain_v2",
  "kept_class_ids": [
    0,
    1
  ],
  "dropped_class_ids": [
    2
  ],
  "class_names": {
    "0": "undefected",
    "1": "dirt_defect"
  },
  "random_seed": 42,
  "split_ratios": {
    "train": 0.8,
    "val": 0.1,
    "test": 0.1
  }
}
Section 2 completed: project paths and constants are configured.
===== EXECUTING CELL 9 =====
Rebuilding the 2-class dataset for the following reason(s):
- dataset manifest is missing or unreadable
- required path is missing: C:\Users\mepix\coding\detectx\raw_dataset_balanced_retrain_v2_two_class
- required path is missing: C:\Users\mepix\coding\detectx\structured_dataset_two_class_retrain_v2\images\train
- required path is missing: C:\Users\mepix\coding\detectx\structured_dataset_two_class_retrain_v2\images\val
- required path is missing: C:\Users\mepix\coding\detectx\structured_dataset_two_class_retrain_v2\images\test
- required path is missing: C:\Users\mepix\coding\detectx\structured_dataset_two_class_retrain_v2\labels\train
- required path is missing: C:\Users\mepix\coding\detectx\structured_dataset_two_class_retrain_v2\labels\val
- required path is missing: C:\Users\mepix\coding\detectx\structured_dataset_two_class_retrain_v2\labels\test
- required path is missing: C:\Users\mepix\coding\detectx\structured_dataset_two_class_retrain_v2\data.yaml
Source class counts: {0: 2408, 1: 2408}
Dropped class ids: [2]
Dropped sample count: 0
Filtered class counts: {0: 2408, 1: 2408}
Structured split file counts: {'train': 3852, 'val': 480, 'test': 484}
Structured split class counts: {'train': {0: 1926, 1: 1926}, 'val': {0: 240, 1: 240}, 'test': {0: 242, 1: 242}}
dataset_manifest.json contents:
{
  "config_signature": {
    "source_dataset_dir": "C:\\Users\\mepix\\coding\\detectx\\raw_dataset_balanced_retrain_v2",
    "filtered_dataset_dir": "C:\\Users\\mepix\\coding\\detectx\\raw_dataset_balanced_retrain_v2_two_class",
    "structured_dataset_dir": "C:\\Users\\mepix\\coding\\detectx\\structured_dataset_two_class_retrain_v2",
    "kept_class_ids": [
      0,
      1
    ],
    "dropped_class_ids": [
      2
    ],
    "class_names": {
      "0": "undefected",
      "1": "dirt_defect"
    },
    "random_seed": 42,
    "split_ratios": {
      "train": 0.8,
      "val": 0.1,
      "test": 0.1
    }
  },
  "source_pair_count": 4816,
  "source_class_counts": {
    "0": 2408,
    "1": 2408
  },
  "dropped_sample_count": 0,
  "filtered_pair_count": 4816,
  "filtered_class_counts": {
    "0": 2408,
    "1": 2408
  },
  "split_counts": {
    "train": 3852,
    "val": 480,
    "test": 484
  },
  "split_class_counts": {
    "train": {
      "0": 1926,
      "1": 1926
    },
    "val": {
      "0": 240,
      "1": 240
    },
    "test": {
      "0": 242,
      "1": 242
    }
  }
}
data.yaml contents:
path: C:\Users\mepix\coding\detectx\structured_dataset_two_class_retrain_v2
train: images/train
val: images/val
test: images/test
nc: 2
names:
  0: undefected
  1: dirt_defect

Section 3 completed: the 2-class dataset, manifest, and data.yaml are ready.
===== EXECUTING CELL 11 =====
New https://pypi.org/project/ultralytics/8.4.38 available  Update with 'pip install -U ultralytics'
Ultralytics 8.4.2  Python-3.12.3 torch-2.11.0+cu128 CUDA:0 (NVIDIA GeForce RTX 5070, 12227MiB)
[34m[1mengine\trainer: [0magnostic_nms=False, amp=True, angle=1.0, augment=False, auto_augment=randaugment, batch=16, bgr=0.0, box=7.5, cache=False, cfg=None, classes=None, close_mosaic=10, cls=0.5, compile=False, conf=None, copy_paste=0.0, copy_paste_mode=flip, cos_lr=False, cutmix=0.0, data=C:\Users\mepix\coding\detectx\structured_dataset_two_class_retrain_v2\data.yaml, degrees=0.0, deterministic=True, device=0, dfl=1.5, dnn=False, dropout=0.0, dynamic=False, embed=None, epochs=300, erasing=0.4, exist_ok=True, fliplr=0.5, flipud=0.0, format=torchscript, fraction=1.0, freeze=None, half=False, hsv_h=0.015, hsv_s=0.7, hsv_v=0.4, imgsz=960, int8=False, iou=0.7, keras=False, kobj=1.0, line_width=None, lr0=0.01, lrf=0.01, mask_ratio=4, max_det=300, mixup=0.0, mode=train, model=yolo26n.pt, momentum=0.937, mosaic=1.0, multi_scale=0.0, name=yolo26n_defects_2class_end2end_retrain_v2, nbs=64, nms=False, opset=None, optimize=False, optimizer=auto, overlap_mask=True, patience=50, perspective=0.0, plots=True, pose=12.0, pretrained=True, profile=False, project=C:\Users\mepix\coding\detectx\runs, rect=False, resume=False, retina_masks=False, rle=1.0, save=True, save_conf=False, save_crop=False, save_dir=C:\Users\mepix\coding\detectx\runs\yolo26n_defects_2class_end2end_retrain_v2, save_frames=False, save_json=False, save_period=-1, save_txt=False, scale=0.5, seed=0, shear=0.0, show=False, show_boxes=True, show_conf=True, show_labels=True, simplify=True, single_cls=False, source=None, split=val, stream_buffer=False, task=detect, time=None, tracker=botsort.yaml, translate=0.1, val=True, verbose=True, vid_stride=1, visualize=False, warmup_bias_lr=0.1, warmup_epochs=3.0, warmup_momentum=0.8, weight_decay=0.0005, workers=4, workspace=None
Overriding model.yaml nc=80 with nc=2

                   from  n    params  module                                       arguments                     
  0                  -1  1       464  ultralytics.nn.modules.conv.Conv             [3, 16, 3, 2]                 
  1                  -1  1      4672  ultralytics.nn.modules.conv.Conv             [16, 32, 3, 2]                
  2                  -1  1      6640  ultralytics.nn.modules.block.C3k2            [32, 64, 1, False, 0.25]      
  3                  -1  1     36992  ultralytics.nn.modules.conv.Conv             [64, 64, 3, 2]                
  4                  -1  1     26080  ultralytics.nn.modules.block.C3k2            [64, 128, 1, False, 0.25]     
  5                  -1  1    147712  ultralytics.nn.modules.conv.Conv             [128, 128, 3, 2]              
  6                  -1  1     87040  ultralytics.nn.modules.block.C3k2            [128, 128, 1, True]           
  7                  -1  1    295424  ultralytics.nn.modules.conv.Conv             [128, 256, 3, 2]              
  8                  -1  1    346112  ultralytics.nn.modules.block.C3k2            [256, 256, 1, True]           
  9                  -1  1    164608  ultralytics.nn.modules.block.SPPF            [256, 256, 5, 3, True]        
 10                  -1  1    249728  ultralytics.nn.modules.block.C2PSA           [256, 256, 1]                 
 11                  -1  1         0  torch.nn.modules.upsampling.Upsample         [None, 2, 'nearest']          
 12             [-1, 6]  1         0  ultralytics.nn.modules.conv.Concat           [1]                           
 13                  -1  1    119808  ultralytics.nn.modules.block.C3k2            [384, 128, 1, True]           
 14                  -1  1         0  torch.nn.modules.upsampling.Upsample         [None, 2, 'nearest']          
 15             [-1, 4]  1         0  ultralytics.nn.modules.conv.Concat           [1]                           
 16                  -1  1     34304  ultralytics.nn.modules.block.C3k2            [256, 64, 1, True]            
 17                  -1  1     36992  ultralytics.nn.modules.conv.Conv             [64, 64, 3, 2]                
 18            [-1, 13]  1         0  ultralytics.nn.modules.conv.Concat           [1]                           
 19                  -1  1     95232  ultralytics.nn.modules.block.C3k2            [192, 128, 1, True]           
 20                  -1  1    147712  ultralytics.nn.modules.conv.Conv             [128, 128, 3, 2]              
 21            [-1, 10]  1         0  ultralytics.nn.modules.conv.Concat           [1]                           
 22                  -1  1    463104  ultralytics.nn.modules.block.C3k2            [384, 256, 1, True, 0.5, True]
 23        [16, 19, 22]  1    241956  ultralytics.nn.modules.head.Detect           [2, 1, True, [64, 128, 256]]  
YOLO26n summary: 260 layers, 2,504,580 parameters, 2,504,580 gradients, 5.8 GFLOPs

Transferred 606/708 items from pretrained weights
[34m[1mAMP: [0mrunning Automatic Mixed Precision (AMP) checks...
[34m[1mAMP: [0mchecks passed 
[34m[1mtrain: [0mFast image access  (ping: 0.00.0 ms, read: 63.09.2 MB/s, size: 119.0 KB)

[K[34m[1mtrain: [0mScanning C:\Users\mepix\coding\detectx\structured_dataset_two_class_retrain_v2\labels\train... 317 images, 0 backgrounds, 0 corrupt: 8% ╸─────────── 317/3852 949.0it/s 0.1s<3.7s
[K[34m[1mtrain: [0mScanning C:\Users\mepix\coding\detectx\structured_dataset_two_class_retrain_v2\labels\train... 650 images, 0 backgrounds, 0 corrupt: 17% ━━────────── 650/3852 1.7Kit/s 0.2s<1.9s
[K[34m[1mtrain: [0mScanning C:\Users\mepix\coding\detectx\structured_dataset_two_class_retrain_v2\labels\train... 964 images, 0 backgrounds, 0 corrupt: 25% ━━━───────── 964/3852 2.1Kit/s 0.3s<1.4s
[K[34m[1mtrain: [0mScanning C:\Users\mepix\coding\detectx\structured_dataset_two_class_retrain_v2\labels\train... 1290 images, 0 backgrounds, 0 corrupt: 33% ━━━━──────── 1290/3852 2.4Kit/s 0.4s<1.1s
[K[34m[1mtrain: [0mScanning C:\Users\mepix\coding\detectx\structured_dataset_two_class_retrain_v2\labels\train... 1616 images, 0 backgrounds, 0 corrupt: 42% ━━━━━─────── 1616/3852 2.7Kit/s 0.5s<0.8s
[K[34m[1mtrain: [0mScanning C:\Users\mepix\coding\detectx\structured_dataset_two_class_retrain_v2\labels\train... 1917 images, 0 backgrounds, 0 corrupt: 50% ━━━━━╸────── 1917/3852 2.8Kit/s 0.6s<0.7s
[K[34m[1mtrain: [0mScanning C:\Users\mepix\coding\detectx\structured_dataset_two_class_retrain_v2\labels\train... 2209 images, 0 backgrounds, 0 corrupt: 57% ━━━━━━╸───── 2209/3852 2.8Kit/s 0.7s<0.6s
[K[34m[1mtrain: [0mScanning C:\Users\mepix\coding\detectx\structured_dataset_two_class_retrain_v2\labels\train... 2505 images, 0 backgrounds, 0 corrupt: 65% ━━━━━━━╸──── 2505/3852 2.9Kit/s 0.8s<0.5s
[K[34m[1mtrain: [0mScanning C:\Users\mepix\coding\detectx\structured_dataset_two_class_retrain_v2\labels\train... 2842 images, 0 backgrounds, 0 corrupt: 74% ━━━━━━━━╸─── 2842/3852 3.0Kit/s 0.9s<0.3s
[K[34m[1mtrain: [0mScanning C:\Users\mepix\coding\detectx\structured_dataset_two_class_retrain_v2\labels\train... 3164 images, 0 backgrounds, 0 corrupt: 82% ━━━━━━━━━╸── 3164/3852 3.1Kit/s 1.0s<0.2s
[K[34m[1mtrain: [0mScanning C:\Users\mepix\coding\detectx\structured_dataset_two_class_retrain_v2\labels\train... 3492 images, 0 backgrounds, 0 corrupt: 91% ━━━━━━━━━━╸─ 3492/3852 3.1Kit/s 1.1s<0.1s
[K[34m[1mtrain: [0mScanning C:\Users\mepix\coding\detectx\structured_dataset_two_class_retrain_v2\labels\train... 3819 images, 0 backgrounds, 0 corrupt: 99% ━━━━━━━━━━━╸ 3819/3852 3.2Kit/s 1.2s<0.0s
[K[34m[1mtrain: [0mScanning C:\Users\mepix\coding\detectx\structured_dataset_two_class_retrain_v2\labels\train... 3852 images, 0 backgrounds, 0 corrupt: 100% ━━━━━━━━━━━━ 3852/3852 3.2Kit/s 1.2s
[34m[1mtrain: [0mNew cache created: C:\Users\mepix\coding\detectx\structured_dataset_two_class_retrain_v2\labels\train.cache
Traceback (most recent call last):
  File "<string>", line 1, in <module>
  File "c:\Users\mepix\AppData\Local\Programs\Python\Python312\Lib\multiprocessing\spawn.py", line 122, in spawn_main
    exitcode = _main(fd, parent_sentinel)
               ^^^^^^^^^^^^^^^^^^^^^^^^^^
  File "c:\Users\mepix\AppData\Local\Programs\Python\Python312\Lib\multiprocessing\spawn.py", line 131, in _main
    prepare(preparation_data)
  File "c:\Users\mepix\AppData\Local\Programs\Python\Python312\Lib\multiprocessing\spawn.py", line 246, in prepare
    _fixup_main_from_path(data['init_main_from_path'])
  File "c:\Users\mepix\AppData\Local\Programs\Python\Python312\Lib\multiprocessing\spawn.py", line 297, in _fixup_main_from_path
    main_content = runpy.run_path(main_path,
                   ^^^^^^^^^^^^^^^^^^^^^^^^^
  File "<frozen runpy>", line 285, in run_path
  File "<frozen runpy>", line 254, in _get_code_from_file
OSError: [Errno 22] Invalid argument: 'C:\\Users\\mepix\\coding\\detectx\\<stdin>'
